[debug] [2021-10-27T12:09:25.540Z] ----------------------------------------------------------------------
[debug] [2021-10-27T12:09:25.542Z] Command:       C:\Program Files\nodejs\node.exe C:\Users\Nur\AppData\Roaming\npm\node_modules\firebase-tools\lib\bin\firebase.js init
[debug] [2021-10-27T12:09:25.542Z] CLI Version:   9.21.0
[debug] [2021-10-27T12:09:25.542Z] Platform:      win32
[debug] [2021-10-27T12:09:25.542Z] Node Version:  v14.17.4
[debug] [2021-10-27T12:09:25.543Z] Time:          Wed Oct 27 2021 18:09:25 GMT+0600 (Bangladesh Standard Time)
[debug] [2021-10-27T12:09:25.543Z] ----------------------------------------------------------------------
[debug] 
[debug] [2021-10-27T12:09:25.597Z] > command requires scopes: ["email","openid","https://www.googleapis.com/auth/cloudplatformprojects.readonly","https://www.googleapis.com/auth/firebase","https://www.googleapis.com/auth/cloud-platform"]
[debug] [2021-10-27T12:09:25.597Z] > authorizing via signed-in user (alamn7150@gmail.com)
[info] 
     ######## #### ########  ######## ########     ###     ######  ########
     ##        ##  ##     ## ##       ##     ##  ##   ##  ##       ##
     ######    ##  ########  ######   ########  #########  ######  ######
     ##        ##  ##    ##  ##       ##     ## ##     ##       ## ##
     ##       #### ##     ## ######## ########  ##     ##  ######  ########

You're about to initialize a Firebase project in this directory:

  C:\projects\Genius-Car-Mechanics-module-61

Before we get started, keep in mind:

  * You are currently outside your home directory
  * You are initializing within an existing Firebase project directory

[info] 
=== Project Setup
[info] 
[info] First, let's associate this project directory with a Firebase project.
[info] You can create multiple project aliases by running firebase use --add, 
[info] but for now we'll just set up a default project.
[info] 
[info] i  .firebaserc already has a default project, using genius-car-mechanics. 
[debug] [2021-10-27T12:09:39.754Z] > refreshing access token with scopes: []
[debug] [2021-10-27T12:09:39.754Z] >>> HTTP REQUEST POST https://www.googleapis.com/oauth2/v3/token  
 <request body omitted>
[debug] [2021-10-27T12:09:40.009Z] <<< HTTP RESPONSE 200 {"cache-control":"no-cache, no-store, max-age=0, must-revalidate","pragma":"no-cache","date":"Wed, 27 Oct 2021 12:09:38 GMT","expires":"Mon, 01 Jan 1990 00:00:00 GMT","content-type":"application/json; charset=utf-8","vary":"X-Origin, Referer, Origin,Accept-Encoding","server":"scaffolding on HTTPServer2","x-xss-protection":"0","x-frame-options":"SAMEORIGIN","x-content-type-options":"nosniff","alt-svc":"h3=\":443\"; ma=2592000,h3-29=\":443\"; ma=2592000,h3-Q050=\":443\"; ma=2592000,h3-Q046=\":443\"; ma=2592000,h3-Q043=\":443\"; ma=2592000","accept-ranges":"none","transfer-encoding":"chunked"}
[debug] [2021-10-27T12:09:40.077Z] >>> [apiv2][query] GET https://firebase.googleapis.com/v1beta1/projects/genius-car-mechanics [none]
[debug] [2021-10-27T12:09:40.588Z] <<< [apiv2][status] GET https://firebase.googleapis.com/v1beta1/projects/genius-car-mechanics 403
[debug] [2021-10-27T12:09:40.589Z] <<< [apiv2][body] GET https://firebase.googleapis.com/v1beta1/projects/genius-car-mechanics {"error":{"code":403,"message":"The caller does not have permission","status":"PERMISSION_DENIED"}}
[debug] [2021-10-27T12:09:40.590Z] HTTP Error: 403, The caller does not have permission
[debug] [2021-10-27T12:09:40.818Z] FirebaseError: HTTP Error: 403, The caller does not have permission
    at module.exports (C:\Users\Nur\AppData\Roaming\npm\node_modules\firebase-tools\lib\responseToError.js:38:12)
    at Client.doRequest (C:\Users\Nur\AppData\Roaming\npm\node_modules\firebase-tools\lib\apiv2.js:240:23)
    at processTicksAndRejections (internal/process/task_queues.js:95:5)
    at async Client.request (C:\Users\Nur\AppData\Roaming\npm\node_modules\firebase-tools\lib\apiv2.js:96:20)
    at async Object.getFirebaseProject (C:\Users\Nur\AppData\Roaming\npm\node_modules\firebase-tools\lib\management\projects.js:290:21)
    at async Object.doSetup [as project] (C:\Users\Nur\AppData\Roaming\npm\node_modules\firebase-tools\lib\init\features\project.js:77:27)
    at async init (C:\Users\Nur\AppData\Roaming\npm\node_modules\firebase-tools\lib\init\index.js:19:9)
[error] 
[error] Error: Failed to get Firebase project genius-car-mechanics. Please make sure the project exists and your account has permission to access it.
[debug] [2021-10-27T12:09:53.052Z] ----------------------------------------------------------------------
[debug] [2021-10-27T12:09:53.054Z] Command:       C:\Program Files\nodejs\node.exe C:\Users\Nur\AppData\Roaming\npm\node_modules\firebase-tools\lib\bin\firebase.js init
[debug] [2021-10-27T12:09:53.055Z] CLI Version:   9.21.0
[debug] [2021-10-27T12:09:53.055Z] Platform:      win32
[debug] [2021-10-27T12:09:53.055Z] Node Version:  v14.17.4
[debug] [2021-10-27T12:09:53.056Z] Time:          Wed Oct 27 2021 18:09:53 GMT+0600 (Bangladesh Standard Time)
[debug] [2021-10-27T12:09:53.056Z] ----------------------------------------------------------------------
[debug] 
[debug] [2021-10-27T12:09:53.107Z] > command requires scopes: ["email","openid","https://www.googleapis.com/auth/cloudplatformprojects.readonly","https://www.googleapis.com/auth/firebase","https://www.googleapis.com/auth/cloud-platform"]
[debug] [2021-10-27T12:09:53.107Z] > authorizing via signed-in user (alamn7150@gmail.com)
[info] 
     ######## #### ########  ######## ########     ###     ######  ########
     ##        ##  ##     ## ##       ##     ##  ##   ##  ##       ##
     ######    ##  ########  ######   ########  #########  ######  ######
     ##        ##  ##    ##  ##       ##     ## ##     ##       ## ##
     ##       #### ##     ## ######## ########  ##     ##  ######  ########

You're about to initialize a Firebase project in this directory:

  C:\projects\Genius-Car-Mechanics-module-61

Before we get started, keep in mind:

  * You are currently outside your home directory
  * You are initializing within an existing Firebase project directory

[info] 
=== Project Setup
[info] 
[info] First, let's associate this project directory with a Firebase project.
[info] You can create multiple project aliases by running firebase use --add, 
[info] but for now we'll just set up a default project.
[info] 
[info] i  .firebaserc already has a default project, using genius-car-mechanics. 
[debug] [2021-10-27T12:10:07.226Z] >>> [apiv2][query] GET https://firebase.googleapis.com/v1beta1/projects/genius-car-mechanics [none]
[debug] [2021-10-27T12:10:07.701Z] <<< [apiv2][status] GET https://firebase.googleapis.com/v1beta1/projects/genius-car-mechanics 403
[debug] [2021-10-27T12:10:07.702Z] <<< [apiv2][body] GET https://firebase.googleapis.com/v1beta1/projects/genius-car-mechanics {"error":{"code":403,"message":"The caller does not have permission","status":"PERMISSION_DENIED"}}
[debug] [2021-10-27T12:10:07.703Z] HTTP Error: 403, The caller does not have permission
[debug] [2021-10-27T12:10:07.926Z] FirebaseError: HTTP Error: 403, The caller does not have permission
    at module.exports (C:\Users\Nur\AppData\Roaming\npm\node_modules\firebase-tools\lib\responseToError.js:38:12)
    at Client.doRequest (C:\Users\Nur\AppData\Roaming\npm\node_modules\firebase-tools\lib\apiv2.js:240:23)
    at processTicksAndRejections (internal/process/task_queues.js:95:5)
    at async Client.request (C:\Users\Nur\AppData\Roaming\npm\node_modules\firebase-tools\lib\apiv2.js:96:20)
    at async Object.getFirebaseProject (C:\Users\Nur\AppData\Roaming\npm\node_modules\firebase-tools\lib\management\projects.js:290:21)
    at async Object.doSetup [as project] (C:\Users\Nur\AppData\Roaming\npm\node_modules\firebase-tools\lib\init\features\project.js:77:27)
    at async init (C:\Users\Nur\AppData\Roaming\npm\node_modules\firebase-tools\lib\init\index.js:19:9)
[error] 
[error] Error: Failed to get Firebase project genius-car-mechanics. Please make sure the project exists and your account has permission to access it.
[debug] [2021-10-27T12:10:58.075Z] ----------------------------------------------------------------------
[debug] [2021-10-27T12:10:58.077Z] Command:       C:\Program Files\nodejs\node.exe C:\Users\Nur\AppData\Roaming\npm\node_modules\firebase-tools\lib\bin\firebase.js init
[debug] [2021-10-27T12:10:58.078Z] CLI Version:   9.21.0
[debug] [2021-10-27T12:10:58.078Z] Platform:      win32
[debug] [2021-10-27T12:10:58.078Z] Node Version:  v14.17.4
[debug] [2021-10-27T12:10:58.078Z] Time:          Wed Oct 27 2021 18:10:58 GMT+0600 (Bangladesh Standard Time)
[debug] [2021-10-27T12:10:58.079Z] ----------------------------------------------------------------------
[debug] 
[warn] !  JSON error trying to load C:\projects\Genius-Car-Mechanics-module-61\.firebaserc 
[debug] [2021-10-27T12:10:58.169Z] > command requires scopes: ["email","openid","https://www.googleapis.com/auth/cloudplatformprojects.readonly","https://www.googleapis.com/auth/firebase","https://www.googleapis.com/auth/cloud-platform"]
[debug] [2021-10-27T12:10:58.169Z] > authorizing via signed-in user (alamn7150@gmail.com)
[info] 
     ######## #### ########  ######## ########     ###     ######  ########
     ##        ##  ##     ## ##       ##     ##  ##   ##  ##       ##
     ######    ##  ########  ######   ########  #########  ######  ######
     ##        ##  ##    ##  ##       ##     ## ##     ##       ## ##
     ##       #### ##     ## ######## ########  ##     ##  ######  ########

You're about to initialize a Firebase project in this directory:

  C:\projects\Genius-Car-Mechanics-module-61

Before we get started, keep in mind:

  * You are currently outside your home directory
  * You are initializing within an existing Firebase project directory

[info] 
=== Project Setup
[info] 
[info] First, let's associate this project directory with a Firebase project.
[info] You can create multiple project aliases by running firebase use --add, 
[info] but for now we'll just set up a default project.
[info] 
[debug] [2021-10-27T12:11:07.782Z] >>> [apiv2][query] GET https://firebase.googleapis.com/v1beta1/projects pageSize=100
[debug] [2021-10-27T12:11:08.771Z] <<< [apiv2][status] GET https://firebase.googleapis.com/v1beta1/projects 200
[debug] [2021-10-27T12:11:08.771Z] <<< [apiv2][body] GET https://firebase.googleapis.com/v1beta1/projects [omitted]
[info] i  Using project geniuscar-module-61 (GeniusCar-Module-61) 
[info] 
=== Hosting Setup
[info] 
[info] Your public directory is the folder (relative to your project directory) that
[info] will contain Hosting assets to be uploaded with firebase deploy. If you
[info] have a build process for your assets, use your build's output directory.
[info] 
[debug] [2021-10-27T12:12:16.051Z] >>> [apiv2][query] GET https://www.gstatic.com/firebasejs/releases.json [none]
[debug] [2021-10-27T12:12:16.214Z] <<< [apiv2][status] GET https://www.gstatic.com/firebasejs/releases.json 200
[debug] [2021-10-27T12:12:16.215Z] <<< [apiv2][body] GET https://www.gstatic.com/firebasejs/releases.json {"current":{"version":"9.1.3","browserURL":"https://www.gstatic.com/firebasejs/9.1.3/firebase.js","packageURL":"https://www.gstatic.com/firebasejs/9.1.3/firebase.tgz"},"live":{"version":"9.1","browserURL":"https://www.gstatic.com/firebasejs/live/9.1/firebase.js","packageURL":"https://www.gstatic.com/firebasejs/live/9.1/firebase.tgz"},"components":{"analytics":"https://www.gstatic.com/firebasejs/9.1.3/firebase-analytics.js","app":"https://www.gstatic.com/firebasejs/9.1.3/firebase-app.js","app-check":"https://www.gstatic.com/firebasejs/9.1.3/firebase-app-check.js","auth":"https://www.gstatic.com/firebasejs/9.1.3/firebase-auth.js","auth/cordova":"https://www.gstatic.com/firebasejs/9.1.3/firebase-auth/cordova.js","auth/react-native":"https://www.gstatic.com/firebasejs/9.1.3/firebase-auth/react-native.js","functions":"https://www.gstatic.com/firebasejs/9.1.3/firebase-functions.js","firestore":"https://www.gstatic.com/firebasejs/9.1.3/firebase-firestore.js","firestore/lite":"https://www.gstatic.com/firebasejs/9.1.3/firebase-firestore/lite.js","storage":"https://www.gstatic.com/firebasejs/9.1.3/firebase-storage.js","performance":"https://www.gstatic.com/firebasejs/9.1.3/firebase-performance.js","remote-config":"https://www.gstatic.com/firebasejs/9.1.3/firebase-remote-config.js","messaging":"https://www.gstatic.com/firebasejs/9.1.3/firebase-messaging.js","messaging/sw":"https://www.gstatic.com/firebasejs/9.1.3/firebase-messaging/sw.js","database":"https://www.gstatic.com/firebasejs/9.1.3/firebase-database.js","firestore.memory":"https://www.gstatic.com/firebasejs/9.1.3/firebase-firestore.memory.js"}}
[info] +  Wrote build/index.html 
[info] 
[info] i  Detected a .git folder at C:\projects\Genius-Car-Mechanics-module-61 
[info] i  Authorizing with GitHub to upload your service account to a GitHub repository's secrets store. 
[info] 
[info] Visit this URL on this device to log in:
[info] https://github.com/login/oauth/authorize?client_id=89cf50f02ac6aaed3484&state=812652903&redirect_uri=http%3A%2F%2Flocalhost%3A9005&scope=read%3Auser%20repo%20public_repo
[info] 
[info] Waiting for authentication...
[debug] [2021-10-27T12:12:27.849Z] >>> HTTP REQUEST POST https://github.com/login/oauth/access_token  
 {"client_id":"89cf50f02ac6aaed3484","client_secret":"3330d14abc895d9a74d5f17cd7a00711fa2c5bf0","code":"d70ee9c9d116d583ac34","redirect_uri":"http://localhost:9005","state":"812652903"}
[debug] [2021-10-27T12:12:28.340Z] <<< HTTP RESPONSE 200 {"server":"GitHub.com","date":"Wed, 27 Oct 2021 12:12:26 GMT","content-type":"application/json; charset=utf-8","transfer-encoding":"chunked","vary":"X-PJAX, X-PJAX-Container, Accept-Encoding, Accept, X-Requested-With","permissions-policy":"interest-cohort=()","etag":"W/\"6939ee6150ef4a78efa28640ffacf2c0\"","cache-control":"max-age=0, private, must-revalidate","strict-transport-security":"max-age=31536000; includeSubdomains; preload","x-frame-options":"deny","x-content-type-options":"nosniff","x-xss-protection":"0","referrer-policy":"origin-when-cross-origin, strict-origin-when-cross-origin","expect-ct":"max-age=2592000, report-uri=\"https://api.github.com/_private/browser/errors\"","content-security-policy":"default-src 'none'; base-uri 'self'; block-all-mixed-content; child-src github.com/assets-cdn/worker/ gist.github.com/assets-cdn/worker/; connect-src 'self' uploads.github.com objects-origin.githubusercontent.com www.githubstatus.com collector.githubapp.com api.github.com github-cloud.s3.amazonaws.com github-production-repository-file-5c1aeb.s3.amazonaws.com github-production-upload-manifest-file-7fdce7.s3.amazonaws.com github-production-user-asset-6210df.s3.amazonaws.com cdn.optimizely.com logx.optimizely.com/v1/events translator.github.com wss://alive.github.com; font-src github.githubassets.com; form-action 'self' github.com gist.github.com objects-origin.githubusercontent.com; frame-ancestors 'none'; frame-src render.githubusercontent.com viewscreen.githubusercontent.com notebooks.githubusercontent.com; img-src 'self' data: github.githubassets.com identicons.github.com collector.githubapp.com github-cloud.s3.amazonaws.com secured-user-images.githubusercontent.com/ *.githubusercontent.com; manifest-src 'self'; media-src github.com user-images.githubusercontent.com/; script-src github.githubassets.com; style-src 'unsafe-inline' github.githubassets.com; worker-src github.com/assets-cdn/worker/ gist.github.com/assets-cdn/worker/","x-github-request-id":"E788:55C7:642C72:7C28B9:6179422A"}
[debug] [2021-10-27T12:12:28.351Z] >>> [apiv2][query] GET https://api.github.com/user [none]
[debug] [2021-10-27T12:12:28.895Z] <<< [apiv2][status] GET https://api.github.com/user 200
[debug] [2021-10-27T12:12:28.896Z] <<< [apiv2][body] GET https://api.github.com/user {"login":"Nur-Alom","id":86626600,"node_id":"MDQ6VXNlcjg2NjI2NjAw","avatar_url":"https://avatars.githubusercontent.com/u/86626600?v=4","gravatar_id":"","url":"https://api.github.com/users/Nur-Alom","html_url":"https://github.com/Nur-Alom","followers_url":"https://api.github.com/users/Nur-Alom/followers","following_url":"https://api.github.com/users/Nur-Alom/following{/other_user}","gists_url":"https://api.github.com/users/Nur-Alom/gists{/gist_id}","starred_url":"https://api.github.com/users/Nur-Alom/starred{/owner}{/repo}","subscriptions_url":"https://api.github.com/users/Nur-Alom/subscriptions","organizations_url":"https://api.github.com/users/Nur-Alom/orgs","repos_url":"https://api.github.com/users/Nur-Alom/repos","events_url":"https://api.github.com/users/Nur-Alom/events{/privacy}","received_events_url":"https://api.github.com/users/Nur-Alom/received_events","type":"User","site_admin":false,"name":"Nur- Alom","company":"none","blog":"","location":"Bangladesh","email":null,"hireable":null,"bio":"Iam a student in Complaite Wab Devolopment Course With Jhankar Mahbub..","twitter_username":null,"public_repos":46,"public_gists":0,"followers":0,"following":26,"created_at":"2021-06-28T19:17:02Z","updated_at":"2021-10-19T16:24:41Z","private_gists":0,"total_private_repos":17,"owned_private_repos":17,"disk_usage":162871,"collaborators":0,"two_factor_authentication":false,"plan":{"name":"free","space":976562499,"collaborators":0,"private_repos":10000}}
[info] 
[info] +  Success! Logged into GitHub as Nur-Alom 
[info] 
[debug] [2021-10-27T12:14:22.672Z] >>> [apiv2][query] GET https://api.github.com/repos//actions/secrets/public-key type=owner
[debug] [2021-10-27T12:14:23.218Z] <<< [apiv2][status] GET https://api.github.com/repos//actions/secrets/public-key 404
[debug] [2021-10-27T12:14:23.219Z] <<< [apiv2][body] GET https://api.github.com/repos//actions/secrets/public-key {"message":"Not Found","documentation_url":"https://docs.github.com/rest"}
[debug] [2021-10-27T12:15:01.126Z] >>> [apiv2][query] GET https://api.github.com/repos/(Nur Alom/https://github.com/Nur-Alom/genius-car-mechanics-m61.git)/actions/secrets/public-key type=owner
[debug] [2021-10-27T12:15:01.567Z] <<< [apiv2][status] GET https://api.github.com/repos/(Nur Alom/https://github.com/Nur-Alom/genius-car-mechanics-m61.git)/actions/secrets/public-key 404
[debug] [2021-10-27T12:15:01.567Z] <<< [apiv2][body] GET https://api.github.com/repos/(Nur Alom/https://github.com/Nur-Alom/genius-car-mechanics-m61.git)/actions/secrets/public-key {"message":"Not Found","documentation_url":"https://docs.github.com/rest"}
[debug] [2021-10-27T12:15:16.493Z] >>> [apiv2][query] GET https://api.github.com/repos//actions/secrets/public-key type=owner
[debug] [2021-10-27T12:15:16.910Z] <<< [apiv2][status] GET https://api.github.com/repos//actions/secrets/public-key 404
[debug] [2021-10-27T12:15:16.910Z] <<< [apiv2][body] GET https://api.github.com/repos//actions/secrets/public-key {"message":"Not Found","documentation_url":"https://docs.github.com/rest"}
